1560811785928	mozrunner::runner	INFO	Running command: "/Applications/Firefox.app/Contents/MacOS/firefox-bin" "-marionette" "-foreground" "-no-remote" "-profile" "/var/folders/xy/3jf5p_r08xj9vn0059b8bstr0000gt/T/rust_mozprofile.DFtAsqsDnF9U"
1560811793243	addons.webextension.screenshots@mozilla.org	WARN	Loading extension 'screenshots@mozilla.org': Reading manifest: Invalid extension permission: mozillaAddons
1560811793243	addons.webextension.screenshots@mozilla.org	WARN	Loading extension 'screenshots@mozilla.org': Reading manifest: Invalid extension permission: resource://pdf.js/
1560811793243	addons.webextension.screenshots@mozilla.org	WARN	Loading extension 'screenshots@mozilla.org': Reading manifest: Invalid extension permission: about:reader*
2019-06-17 18:49:54.391 firefox-bin[3314:2453146] CFPropertyListCreateFromXMLData(): Old-style plist parser: missing semicolon in dictionary on line 3. Parsing will be abandoned. Break on _CFPropertyListMissingSemicolon to debug.
2019-06-17 18:49:54.391 firefox-bin[3314:2453146] CFPropertyListCreateFromXMLData(): Old-style plist parser: missing semicolon in dictionary on line 3. Parsing will be abandoned. Break on _CFPropertyListMissingSemicolon to debug.
2019-06-17 18:49:54.391 firefox-bin[3314:2453146] CFPropertyListCreateFromXMLData(): Old-style plist parser: missing semicolon in dictionary on line 3. Parsing will be abandoned. Break on _CFPropertyListMissingSemicolon to debug.
2019-06-17 18:49:54.391 firefox-bin[3314:2453146] CFPropertyListCreateFromXMLData(): Old-style plist parser: missing semicolon in dictionary on line 3. Parsing will be abandoned. Break on _CFPropertyListMissingSemicolon to debug.
2019-06-17 18:49:54.391 firefox-bin[3314:2453146] CFPropertyListCreateFromXMLData(): Old-style plist parser: missing semicolon in dictionary on line 3. Parsing will be abandoned. Break on _CFPropertyListMissingSemicolon to debug.
1560811795726	Marionette	INFO	Listening on port 63680
1560811926641	mozrunner::runner	INFO	Running command: "/Applications/Firefox.app/Contents/MacOS/firefox-bin" "-marionette" "-foreground" "-no-remote" "-profile" "/var/folders/xy/3jf5p_r08xj9vn0059b8bstr0000gt/T/rust_mozprofile.zL3IxXOvaztr"
1560811927580	addons.webextension.screenshots@mozilla.org	WARN	Loading extension 'screenshots@mozilla.org': Reading manifest: Invalid extension permission: mozillaAddons
1560811927581	addons.webextension.screenshots@mozilla.org	WARN	Loading extension 'screenshots@mozilla.org': Reading manifest: Invalid extension permission: resource://pdf.js/
1560811927581	addons.webextension.screenshots@mozilla.org	WARN	Loading extension 'screenshots@mozilla.org': Reading manifest: Invalid extension permission: about:reader*
2019-06-17 18:52:08.506 firefox-bin[3368:2455790] CFPropertyListCreateFromXMLData(): Old-style plist parser: missing semicolon in dictionary on line 3. Parsing will be abandoned. Break on _CFPropertyListMissingSemicolon to debug.
2019-06-17 18:52:08.506 firefox-bin[3368:2455790] CFPropertyListCreateFromXMLData(): Old-style plist parser: missing semicolon in dictionary on line 3. Parsing will be abandoned. Break on _CFPropertyListMissingSemicolon to debug.
2019-06-17 18:52:08.506 firefox-bin[3368:2455790] CFPropertyListCreateFromXMLData(): Old-style plist parser: missing semicolon in dictionary on line 3. Parsing will be abandoned. Break on _CFPropertyListMissingSemicolon to debug.
2019-06-17 18:52:08.506 firefox-bin[3368:2455790] CFPropertyListCreateFromXMLData(): Old-style plist parser: missing semicolon in dictionary on line 3. Parsing will be abandoned. Break on _CFPropertyListMissingSemicolon to debug.
2019-06-17 18:52:08.507 firefox-bin[3368:2455790] CFPropertyListCreateFromXMLData(): Old-style plist parser: missing semicolon in dictionary on line 3. Parsing will be abandoned. Break on _CFPropertyListMissingSemicolon to debug.
1560811929770	Marionette	INFO	Listening on port 64309
1560811929838	Marionette	WARN	TLS certificate errors will be ignored for this session
console.error: BroadcastService: 
  receivedBroadcastMessage: handler for
  remote-settings/monitor_changes
  threw error:
  Message: Error: Polling for changes failed: http://%(server)s/dummy/blocklist//buckets/monitor/collections/changes/records?_expected=%221560618350307%22 is not a valid URL..
  Stack:
    remoteSettingsFunction/remoteSettings.pollChanges@resource://services-settings/remote-settings.js:203:13

console.error: BroadcastService: 
  receivedBroadcastMessage: handler for
  remote-settings/monitor_changes
  threw error:
  Message: Error: Polling for changes failed: http://%(server)s/dummy/blocklist//buckets/monitor/collections/changes/records?_expected=%221560618350307%22 is not a valid URL..
  Stack:
    remoteSettingsFunction/remoteSettings.pollChanges@resource://services-settings/remote-settings.js:203:13

console.warn: "Error while detaching the thread front: 'detach' request packet to 'server1.conn0.child1/context19' can't be sent as the connection is closed."
console.warn: "Error while detaching the thread front: 'detach' request packet to 'server1.conn0.child1/context19' can't be sent as the connection is closed."
1560812437839	mozrunner::runner	INFO	Running command: "/Applications/Firefox.app/Contents/MacOS/firefox-bin" "-marionette" "-foreground" "-no-remote" "-profile" "/var/folders/xy/3jf5p_r08xj9vn0059b8bstr0000gt/T/rust_mozprofile.k12P9aHjFh5L"
1560812438721	addons.webextension.screenshots@mozilla.org	WARN	Loading extension 'screenshots@mozilla.org': Reading manifest: Invalid extension permission: mozillaAddons
1560812438721	addons.webextension.screenshots@mozilla.org	WARN	Loading extension 'screenshots@mozilla.org': Reading manifest: Invalid extension permission: resource://pdf.js/
1560812438721	addons.webextension.screenshots@mozilla.org	WARN	Loading extension 'screenshots@mozilla.org': Reading manifest: Invalid extension permission: about:reader*
2019-06-17 19:00:39.702 firefox-bin[3531:2461684] CFPropertyListCreateFromXMLData(): Old-style plist parser: missing semicolon in dictionary on line 3. Parsing will be abandoned. Break on _CFPropertyListMissingSemicolon to debug.
2019-06-17 19:00:39.703 firefox-bin[3531:2461684] CFPropertyListCreateFromXMLData(): Old-style plist parser: missing semicolon in dictionary on line 3. Parsing will be abandoned. Break on _CFPropertyListMissingSemicolon to debug.
2019-06-17 19:00:39.703 firefox-bin[3531:2461684] CFPropertyListCreateFromXMLData(): Old-style plist parser: missing semicolon in dictionary on line 3. Parsing will be abandoned. Break on _CFPropertyListMissingSemicolon to debug.
2019-06-17 19:00:39.703 firefox-bin[3531:2461684] CFPropertyListCreateFromXMLData(): Old-style plist parser: missing semicolon in dictionary on line 3. Parsing will be abandoned. Break on _CFPropertyListMissingSemicolon to debug.
2019-06-17 19:00:39.703 firefox-bin[3531:2461684] CFPropertyListCreateFromXMLData(): Old-style plist parser: missing semicolon in dictionary on line 3. Parsing will be abandoned. Break on _CFPropertyListMissingSemicolon to debug.
1560812440992	Marionette	INFO	Listening on port 50098
1560812441053	Marionette	WARN	TLS certificate errors will be ignored for this session
1560812475013	mozrunner::runner	INFO	Running command: "/Applications/Firefox.app/Contents/MacOS/firefox-bin" "-marionette" "-foreground" "-no-remote" "-profile" "/var/folders/xy/3jf5p_r08xj9vn0059b8bstr0000gt/T/rust_mozprofile.BrsW6pbapEL4"
1560812475750	addons.webextension.screenshots@mozilla.org	WARN	Loading extension 'screenshots@mozilla.org': Reading manifest: Invalid extension permission: mozillaAddons
1560812475750	addons.webextension.screenshots@mozilla.org	WARN	Loading extension 'screenshots@mozilla.org': Reading manifest: Invalid extension permission: resource://pdf.js/
1560812475750	addons.webextension.screenshots@mozilla.org	WARN	Loading extension 'screenshots@mozilla.org': Reading manifest: Invalid extension permission: about:reader*
2019-06-17 19:01:16.832 firefox-bin[3544:2462398] CFPropertyListCreateFromXMLData(): Old-style plist parser: missing semicolon in dictionary on line 3. Parsing will be abandoned. Break on _CFPropertyListMissingSemicolon to debug.
2019-06-17 19:01:16.832 firefox-bin[3544:2462398] CFPropertyListCreateFromXMLData(): Old-style plist parser: missing semicolon in dictionary on line 3. Parsing will be abandoned. Break on _CFPropertyListMissingSemicolon to debug.
2019-06-17 19:01:16.833 firefox-bin[3544:2462398] CFPropertyListCreateFromXMLData(): Old-style plist parser: missing semicolon in dictionary on line 3. Parsing will be abandoned. Break on _CFPropertyListMissingSemicolon to debug.
2019-06-17 19:01:16.833 firefox-bin[3544:2462398] CFPropertyListCreateFromXMLData(): Old-style plist parser: missing semicolon in dictionary on line 3. Parsing will be abandoned. Break on _CFPropertyListMissingSemicolon to debug.
2019-06-17 19:01:16.833 firefox-bin[3544:2462398] CFPropertyListCreateFromXMLData(): Old-style plist parser: missing semicolon in dictionary on line 3. Parsing will be abandoned. Break on _CFPropertyListMissingSemicolon to debug.
1560812477997	Marionette	INFO	Listening on port 50306
1560812478057	Marionette	WARN	TLS certificate errors will be ignored for this session
1560812506042	Marionette	INFO	Stopped listening on port 50306
1560812525876	Marionette	INFO	Stopped listening on port 50098
1560812534277	Marionette	INFO	Stopped listening on port 64309
1560812540416	Marionette	INFO	Stopped listening on port 63680
1560812698915	mozrunner::runner	INFO	Running command: "/Applications/Firefox.app/Contents/MacOS/firefox-bin" "-marionette" "-foreground" "-no-remote" "-profile" "/var/folders/xy/3jf5p_r08xj9vn0059b8bstr0000gt/T/rust_mozprofile.CUM9xbetwkmr"
1560812699802	addons.webextension.screenshots@mozilla.org	WARN	Loading extension 'screenshots@mozilla.org': Reading manifest: Invalid extension permission: mozillaAddons
1560812699805	addons.webextension.screenshots@mozilla.org	WARN	Loading extension 'screenshots@mozilla.org': Reading manifest: Invalid extension permission: resource://pdf.js/
1560812699805	addons.webextension.screenshots@mozilla.org	WARN	Loading extension 'screenshots@mozilla.org': Reading manifest: Invalid extension permission: about:reader*
2019-06-17 19:05:00.835 firefox-bin[3610:2465585] CFPropertyListCreateFromXMLData(): Old-style plist parser: missing semicolon in dictionary on line 3. Parsing will be abandoned. Break on _CFPropertyListMissingSemicolon to debug.
2019-06-17 19:05:00.835 firefox-bin[3610:2465585] CFPropertyListCreateFromXMLData(): Old-style plist parser: missing semicolon in dictionary on line 3. Parsing will be abandoned. Break on _CFPropertyListMissingSemicolon to debug.
2019-06-17 19:05:00.835 firefox-bin[3610:2465585] CFPropertyListCreateFromXMLData(): Old-style plist parser: missing semicolon in dictionary on line 3. Parsing will be abandoned. Break on _CFPropertyListMissingSemicolon to debug.
2019-06-17 19:05:00.835 firefox-bin[3610:2465585] CFPropertyListCreateFromXMLData(): Old-style plist parser: missing semicolon in dictionary on line 3. Parsing will be abandoned. Break on _CFPropertyListMissingSemicolon to debug.
2019-06-17 19:05:00.836 firefox-bin[3610:2465585] CFPropertyListCreateFromXMLData(): Old-style plist parser: missing semicolon in dictionary on line 3. Parsing will be abandoned. Break on _CFPropertyListMissingSemicolon to debug.
1560812702158	Marionette	INFO	Listening on port 50568
1560812702208	Marionette	WARN	TLS certificate errors will be ignored for this session
1560812787415	mozrunner::runner	INFO	Running command: "/Applications/Firefox.app/Contents/MacOS/firefox-bin" "-marionette" "-foreground" "-no-remote" "-profile" "/var/folders/xy/3jf5p_r08xj9vn0059b8bstr0000gt/T/rust_mozprofile.AVOoeNNnTXQI"
1560812788122	addons.webextension.screenshots@mozilla.org	WARN	Loading extension 'screenshots@mozilla.org': Reading manifest: Invalid extension permission: mozillaAddons
1560812788122	addons.webextension.screenshots@mozilla.org	WARN	Loading extension 'screenshots@mozilla.org': Reading manifest: Invalid extension permission: resource://pdf.js/
1560812788122	addons.webextension.screenshots@mozilla.org	WARN	Loading extension 'screenshots@mozilla.org': Reading manifest: Invalid extension permission: about:reader*
2019-06-17 19:06:29.010 firefox-bin[3631:2466852] CFPropertyListCreateFromXMLData(): Old-style plist parser: missing semicolon in dictionary on line 3. Parsing will be abandoned. Break on _CFPropertyListMissingSemicolon to debug.
2019-06-17 19:06:29.010 firefox-bin[3631:2466852] CFPropertyListCreateFromXMLData(): Old-style plist parser: missing semicolon in dictionary on line 3. Parsing will be abandoned. Break on _CFPropertyListMissingSemicolon to debug.
2019-06-17 19:06:29.011 firefox-bin[3631:2466852] CFPropertyListCreateFromXMLData(): Old-style plist parser: missing semicolon in dictionary on line 3. Parsing will be abandoned. Break on _CFPropertyListMissingSemicolon to debug.
2019-06-17 19:06:29.011 firefox-bin[3631:2466852] CFPropertyListCreateFromXMLData(): Old-style plist parser: missing semicolon in dictionary on line 3. Parsing will be abandoned. Break on _CFPropertyListMissingSemicolon to debug.
2019-06-17 19:06:29.011 firefox-bin[3631:2466852] CFPropertyListCreateFromXMLData(): Old-style plist parser: missing semicolon in dictionary on line 3. Parsing will be abandoned. Break on _CFPropertyListMissingSemicolon to debug.
1560812790140	Marionette	INFO	Listening on port 50634
1560812790214	Marionette	WARN	TLS certificate errors will be ignored for this session
JavaScript error: https://www.arrowplugins.com/wp-content/themes/arrow-theme/js/sequence.js, line 13: TypeError: element is null
console.warn: "Error while detaching the thread front: 'detach' request packet to 'server1.conn0.child1/context19' can't be sent as the connection is closed."
1560813215353	mozrunner::runner	INFO	Running command: "/Applications/Firefox.app/Contents/MacOS/firefox-bin" "-marionette" "-foreground" "-no-remote" "-profile" "/var/folders/xy/3jf5p_r08xj9vn0059b8bstr0000gt/T/rust_mozprofile.MJvaibjX7ls4"
1560813216111	addons.webextension.screenshots@mozilla.org	WARN	Loading extension 'screenshots@mozilla.org': Reading manifest: Invalid extension permission: mozillaAddons
1560813216111	addons.webextension.screenshots@mozilla.org	WARN	Loading extension 'screenshots@mozilla.org': Reading manifest: Invalid extension permission: resource://pdf.js/
1560813216111	addons.webextension.screenshots@mozilla.org	WARN	Loading extension 'screenshots@mozilla.org': Reading manifest: Invalid extension permission: about:reader*
2019-06-17 19:13:37.137 firefox-bin[3688:2471472] CFPropertyListCreateFromXMLData(): Old-style plist parser: missing semicolon in dictionary on line 3. Parsing will be abandoned. Break on _CFPropertyListMissingSemicolon to debug.
2019-06-17 19:13:37.137 firefox-bin[3688:2471472] CFPropertyListCreateFromXMLData(): Old-style plist parser: missing semicolon in dictionary on line 3. Parsing will be abandoned. Break on _CFPropertyListMissingSemicolon to debug.
2019-06-17 19:13:37.137 firefox-bin[3688:2471472] CFPropertyListCreateFromXMLData(): Old-style plist parser: missing semicolon in dictionary on line 3. Parsing will be abandoned. Break on _CFPropertyListMissingSemicolon to debug.
2019-06-17 19:13:37.137 firefox-bin[3688:2471472] CFPropertyListCreateFromXMLData(): Old-style plist parser: missing semicolon in dictionary on line 3. Parsing will be abandoned. Break on _CFPropertyListMissingSemicolon to debug.
2019-06-17 19:13:37.137 firefox-bin[3688:2471472] CFPropertyListCreateFromXMLData(): Old-style plist parser: missing semicolon in dictionary on line 3. Parsing will be abandoned. Break on _CFPropertyListMissingSemicolon to debug.
1560813218354	Marionette	INFO	Listening on port 51438
1560813218451	Marionette	WARN	TLS certificate errors will be ignored for this session
console.error: BroadcastService: 
  receivedBroadcastMessage: handler for
  remote-settings/monitor_changes
  threw error:
  Message: Error: Polling for changes failed: http://%(server)s/dummy/blocklist//buckets/monitor/collections/changes/records?_expected=%221560618350307%22 is not a valid URL..
  Stack:
    remoteSettingsFunction/remoteSettings.pollChanges@resource://services-settings/remote-settings.js:203:13

console.error: BroadcastService: 
  receivedBroadcastMessage: handler for
  remote-settings/monitor_changes
  threw error:
  Message: Error: Polling for changes failed: http://%(server)s/dummy/blocklist//buckets/monitor/collections/changes/records?_expected=%221560618350307%22 is not a valid URL..
  Stack:
    remoteSettingsFunction/remoteSettings.pollChanges@resource://services-settings/remote-settings.js:203:13

console.error: BroadcastService: 
  receivedBroadcastMessage: handler for
  remote-settings/monitor_changes
  threw error:
  Message: Error: Polling for changes failed: http://%(server)s/dummy/blocklist//buckets/monitor/collections/changes/records?_expected=%221560618350307%22 is not a valid URL..
  Stack:
    remoteSettingsFunction/remoteSettings.pollChanges@resource://services-settings/remote-settings.js:203:13

JavaScript error: resource://gre/modules/PushServiceWebSocket.jsm, line 307: NS_ERROR_NOT_CONNECTED: Component returned failure code: 0x804b000c (NS_ERROR_NOT_CONNECTED) [nsIWebSocketChannel.sendMsg]
Exiting due to channel error.
Exiting due to channel error.

###!!! [Parent][RunMessage] Error: Channel error: cannot send/recv


###!!! [Parent][RunMessage] Error: Channel error: cannot send/recv


###!!! [Parent][RunMessage] Error: Channel error: cannot send/recv

[Parent 3610, Gecko_IOThread] WARNING: pipe error: Broken pipe: file /builds/worker/workspace/build/src/ipc/chromium/src/chrome/common/ipc_channel_posix.cc, line 726
[Parent 3610, Gecko_IOThread] WARNING: pipe error: Broken pipe: file /builds/worker/workspace/build/src/ipc/chromium/src/chrome/common/ipc_channel_posix.cc, line 726
[Parent 3610, Gecko_IOThread] WARNING: pipe error: Broken pipe: file /builds/worker/workspace/build/src/ipc/chromium/src/chrome/common/ipc_channel_posix.cc, line 726
A content process crashed and MOZ_CRASHREPORTER_SHUTDOWN is set, shutting down
A content process crashed and MOZ_CRASHREPORTER_SHUTDOWN is set, shutting down
1560870367949	Marionette	INFO	Stopped listening on port 50568
1560870367951	Marionette	INFO	Stopped listening on port 50634
1561511999568	mozrunner::runner	INFO	Running command: "/Applications/Firefox.app/Contents/MacOS/firefox-bin" "-marionette" "-foreground" "-no-remote" "-profile" "/var/folders/xy/3jf5p_r08xj9vn0059b8bstr0000gt/T/rust_mozprofile.QSiDn8dDThuS"
1561512001548	addons.webextension.screenshots@mozilla.org	WARN	Loading extension 'screenshots@mozilla.org': Reading manifest: Invalid extension permission: mozillaAddons
1561512001549	addons.webextension.screenshots@mozilla.org	WARN	Loading extension 'screenshots@mozilla.org': Reading manifest: Invalid extension permission: resource://pdf.js/
1561512001549	addons.webextension.screenshots@mozilla.org	WARN	Loading extension 'screenshots@mozilla.org': Reading manifest: Invalid extension permission: about:reader*
2019-06-25 21:20:02.660 firefox-bin[6830:498921] CFPropertyListCreateFromXMLData(): Old-style plist parser: missing semicolon in dictionary on line 3. Parsing will be abandoned. Break on _CFPropertyListMissingSemicolon to debug.
2019-06-25 21:20:02.660 firefox-bin[6830:498921] CFPropertyListCreateFromXMLData(): Old-style plist parser: missing semicolon in dictionary on line 3. Parsing will be abandoned. Break on _CFPropertyListMissingSemicolon to debug.
2019-06-25 21:20:02.660 firefox-bin[6830:498921] CFPropertyListCreateFromXMLData(): Old-style plist parser: missing semicolon in dictionary on line 3. Parsing will be abandoned. Break on _CFPropertyListMissingSemicolon to debug.
2019-06-25 21:20:02.660 firefox-bin[6830:498921] CFPropertyListCreateFromXMLData(): Old-style plist parser: missing semicolon in dictionary on line 3. Parsing will be abandoned. Break on _CFPropertyListMissingSemicolon to debug.
2019-06-25 21:20:02.660 firefox-bin[6830:498921] CFPropertyListCreateFromXMLData(): Old-style plist parser: missing semicolon in dictionary on line 3. Parsing will be abandoned. Break on _CFPropertyListMissingSemicolon to debug.
1561512004052	Marionette	INFO	Listening on port 59816
1561512039483	Marionette	INFO	Stopped listening on port 59816
